\BOOKMARK [0][-]{chapter.1}{Einleitung}{}% 1
\BOOKMARK [1][-]{section.1.1}{Motivation}{chapter.1}% 2
\BOOKMARK [1][-]{section.1.2}{Typische Fragen}{chapter.1}% 3
\BOOKMARK [1][-]{section.1.3}{Notation und Begriffe}{chapter.1}% 4
\BOOKMARK [1][-]{section.1.4}{Spezialf\344lle}{chapter.1}% 5
\BOOKMARK [0][-]{chapter.2}{Gleichungen 1. Ordnung: Methode der Charakteristiken}{}% 6
\BOOKMARK [1][-]{section.2.1}{Motivation}{chapter.2}% 7
\BOOKMARK [1][-]{section.2.2}{Quasilineare Gleichungen 1. Ordnung}{chapter.2}% 8
\BOOKMARK [0][-]{chapter.3}{Distributionen}{}% 9
\BOOKMARK [0][-]{chapter.4}{Harmonische Funktionen}{}% 10
\BOOKMARK [1][-]{section.4.1}{Fundamentall\366sung}{chapter.4}% 11
\BOOKMARK [1][-]{section.4.2}{Darstellungsformeln und Folgerungen}{chapter.4}% 12
\BOOKMARK [0][-]{chapter.5}{Dirichletproblem f\374r die Laplace-Gleichung}{}% 13
\BOOKMARK [1][-]{section.5.1}{Dirichletproblem auf einer Kugel}{chapter.5}% 14
\BOOKMARK [0][-]{chapter.6}{Sobolevr\344ume}{}% 15
\BOOKMARK [0][-]{chapter.7}{Hilbertraummethoden und schwache L\366sungen}{}% 16
\BOOKMARK [1][-]{section.7.1}{Hilbertr\344ume und die S\344tze von Riesz und Lax-Milgram}{chapter.7}% 17
\BOOKMARK [1][-]{section.7.2}{Schwache L\366sungen des Laplace-Dirichlet-Pro-blems}{chapter.7}% 18
\BOOKMARK [1][-]{section.7.3}{Lineare elliptische Differentialoperatoren 2. Ordnung}{chapter.7}% 19
\BOOKMARK [2][-]{subsection.7.3.1}{Dirichletproblem}{section.7.3}% 20
\BOOKMARK [2][-]{subsection.7.3.2}{Neumannproblem}{section.7.3}% 21
\BOOKMARK [2][-]{subsection.7.3.3}{Variationeller Zugang}{section.7.3}% 22
\BOOKMARK [1][-]{section.7.4}{Schwache L\366sungen f\374r nichtlineare Probleme}{chapter.7}% 23
\BOOKMARK [1][-]{section.7.5}{Eigenwertprobleme}{chapter.7}% 24
